<?xml version="1.0" encoding="UTF-8"?>
<!-- Generated by org.testng.reporters.JUnitXMLReporter -->
<testsuite hostname="DESKTOP-1871VKV" ignored="2" name="Test Groups" tests="6" failures="0" timestamp="2021-05-15T12:55:33 IST" time="0.138" errors="0">
  <testcase name="LogoutFunctionality" time="0.013" classname="GroupTestGN.LogOut"/>
  <testcase name="LogouMessage" time="0.002" classname="GroupTestGN.LogOut"/>
  <testcase name="RegisteUser" time="0.002" classname="GroupTestGN.Register"/>
  <testcase name="validRegisterUser" time="0.003" classname="GroupTestGN.Register"/>
  <testcase name="LoginUser" time="0.002" classname="GroupTestGN.Login"/>
  <testcase name="ValidLoginUser" time="0.003" classname="GroupTestGN.Login"/>
  <testcase name="HomePageProfileLogo" time="0.0" classname="GroupTestGN.HomePage">
    <ignored/>
  </testcase> <!-- HomePageProfileLogo -->
  <testcase name="HomePageLanding" time="0.0" classname="GroupTestGN.HomePage">
    <ignored/>
  </testcase> <!-- HomePageLanding -->
</testsuite> <!-- Test Groups -->
